<?xml version="1.0" encoding="UTF-8"?>
<!-- Generated by org.testng.reporters.JUnitReportReporter -->
<testsuite hostname="DOCQIN205" failures="0" tests="1" name="com.test.Test1" time="45.645" errors="0" timestamp="2024-05-23T11:59:04 IST" skipped="0">
  <testcase classname="com.test.Test1" name="main1" time="45.645"/>
  <system-out/>
</testsuite> <!-- com.test.Test1 -->
