<?xml version="1.0" encoding="UTF-8"?>
<!-- Generated by org.testng.reporters.JUnitReportReporter -->
<testsuite hostname="DOCQIN205" failures="0" tests="1" name="com.test.demo" time="50.698" errors="0" timestamp="2024-05-23T11:52:41 IST" skipped="0">
  <testcase classname="com.test.demo" name="main1" time="50.698"/>
  <system-out/>
</testsuite> <!-- com.test.demo -->
